<FILENAME id="1">
<SENT id="0">
0	Marita	12:18	NNP	PERSON	Marita	nn	2	1	0
1	Koch	19:23	NNP	PERSON	Koch	nsubj	3	1	0
2	moved	24:29	VBD	O	move	dep	22	-1	-1
3	to	30:32	TO	O	to	_	0	-1	-1
4	France	33:39	NNP	LOCATION	France	prep_to	3	2	1
5	after	40:45	IN	O	after	mark	10	-1	-1
6	a	46:47	DT	O	a	det	9	7	4
7	French	48:54	JJ	MISC	french	amod	9	7	4
8	coach	55:60	NN	O	coach	nsubj	19	7	4
9	timed	61:66	VBD	O	time	advcl	3	-1	-1
10	her	67:70	PRP	O	she	dobj	10	8	5
11	in	71:73	IN	O	in	_	0	-1	-1
12	a	74:75	DT	O	a	det	15	9	8
13	200	76:79	CD	NUMBER	200	num	15	9	8
14	race	80:84	NN	O	race	prep_in	10	9	8
15	in	85:87	IN	O	in	_	0	-1	-1
16	Guadeloupe	88:98	NNP	LOCATION	Guadeloupe	prep_in	10	5	3
17	and	99:102	CC	O	and	_	0	-1	-1
18	informed	103:111	VBN	O	inform	conj_and	10	-1	-1
19	her	112:115	PRP$	O	she	dobj	19	8	6
20	she	116:119	PRP	O	she	nsubj	22	8	7
21	'd	119:121	MD	O	would	_	0	-1	-1
22	qualified	122:131	VBN	O	qualify	dep	22	-1	-1
23	for	132:135	IN	O	for	_	0	-1	-1
24	the	136:139	DT	O	the	det	28	12	9
25	French	140:146	JJ	MISC	french	amod	28	12	9
26	national	147:155	JJ	O	national	amod	28	12	9
27	championships	156:169	NNS	O	championship	prep_for	23	12	9
28	.	169:170	.	O	.	_	0	-1	-1
</SENT>
</FILENAME>
