<?xml version="1.0" encoding="UTF-8"?><root><FILENAME stream_id="1">
<SENT id="0">
0	Marita	24:30	NNP	PERSON	Marita	nn	2	1	1
1	Koch	31:35	NNP	PERSON	Koch	nsubj	3	1	1
2	moved	36:41	VBD	O	move	_	0	-1	-1
3	to	42:44	TO	O	to	_	0	-1	-1
4	France	45:51	NNP	LOCATION	France	prep_to	3	2	3
5	after	52:57	IN	O	after	mark	10	-1	-1
6	a	58:59	DT	O	a	det	9	8	7
7	French	60:66	JJ	MISC	french	amod	9	8	7
8	coach	67:72	NN	O	coach	nsubj	10	8	7
9	timed	73:78	VBD	O	time	advcl	3	-1	-1
10	her	79:82	PRP	O	she	nsubj	24	9	8
11	in	83:85	IN	O	in	_	0	9	8
12	a	86:87	DT	O	a	det	16	11	9
13	200	88:91	CD	NUMBER	200	num	16	11	9
14	(	92:93	NN	O	(	nn	16	11	9
15	meter	93:98	NN	O	meter	prep_in	11	11	9
16	)	98:99	CD	NUMBER	)	num	18	14	11
17	race	100:104	NN	O	race	dep	16	14	11
18	in	105:107	IN	O	in	_	0	14	11
19	Guadeloupe	108:118	NNP	LOCATION	Guadeloupe	prep_in	18	14	11
20	&amp;	119:124	CC	O	&amp;	_	0	13	10
21	informed	125:133	VBN	O	inform	amod	23	13	10
22	hershe	134:140	NN	O	hershe	dep	16	13	10
23	'd	140:142	MD	O	would	ccomp	10	-1	-1
24	qualified	143:152	VBN	O	qualify	dep	24	-1	-1
25	for	153:156	IN	O	for	_	0	-1	-1
26	the	157:160	DT	O	the	det	30	17	0
27	French	161:167	JJ	MISC	french	amod	30	17	0
28	national	168:176	JJ	O	national	amod	30	17	0
29	championships	177:190	NNS	O	championship	prep_for	25	17	0
30	.	190:191	.	O	.	_	0	-1	-1
</SENT>
</FILENAME>
</root>