<FILENAME id="1">
<SENT id="0">
0	Marita	12:18	NNP	PERSON	Marita	nn	2	1	0
1	Koch	19:23	NNP	PERSON	Koch	nsubj	3	1	0
2	moved	24:29	VBD	O	move	dep	25	-1	-1
3	to	30:32	TO	O	to	_	0	-1	-1
4	France	33:39	NNP	LOCATION	France	prep_to	3	2	1
5	after	40:45	IN	O	after	mark	10	-1	-1
6	a	46:47	DT	O	a	det	9	7	4
7	French	48:54	JJ	MISC	french	amod	9	7	4
8	coach	55:60	NN	O	coach	nsubj	22	7	4
9	timed	61:66	VBD	O	time	advcl	3	-1	-1
10	her	67:70	PRP	O	she	dobj	10	8	5
11	in	71:73	IN	O	in	_	0	-1	-1
12	a	74:75	DT	O	a	det	18	9	8
13	200	76:79	CD	NUMBER	200	num	18	9	8
14	-LRB-	80:81	-LRB-	O	-lrb-	_	0	9	8
15	meter	81:86	NN	O	meter	nn	18	9	8
16	-RRB-	86:87	-RRB-	O	-rrb-	_	0	9	8
17	race	88:92	NN	O	race	prep_in	10	9	8
18	in	93:95	IN	O	in	_	0	9	8
19	Guadeloupe	96:106	NNP	LOCATION	Guadeloupe	prep_in	18	9	8
20	and	107:110	CC	O	and	_	0	-1	-1
21	informed	111:119	VBN	O	inform	conj_and	10	-1	-1
22	her	120:123	PRP$	O	she	dobj	22	8	6
23	she	124:127	PRP	O	she	nsubj	25	8	7
24	'd	127:129	MD	O	would	_	0	-1	-1
25	qualified	130:139	VBN	O	qualify	dep	25	-1	-1
26	for	140:143	IN	O	for	_	0	-1	-1
27	the	144:147	DT	O	the	det	31	13	9
28	French	148:154	JJ	MISC	french	amod	31	13	9
29	national	155:163	JJ	O	national	amod	31	13	9
30	championships	164:177	NNS	O	championship	prep_for	26	13	9
31	.	177:178	.	O	.	_	0	-1	-1
</SENT>
</FILENAME>
