<?xml version="1.0" encoding="UTF-8"?><root><FILENAME stream_id="1">
<SENT id="0">
0	Marita	70:76	NNP	PERSON	Marita	nn	2	1	0
1	Koch	77:81	NNP	PERSON	Koch	nsubj	3	1	0
2	moved	82:87	VBD	O	move	dep	25	-1	-1
3	to	88:90	TO	O	to	_	0	-1	-1
4	France	91:97	NNP	LOCATION	France	prep_to	3	2	1
5	after	98:103	IN	O	after	mark	10	-1	-1
6	a	104:105	DT	O	a	det	9	8	5
7	French	106:112	JJ	MISC	french	amod	9	8	5
8	coach	113:118	NN	O	coach	nsubj	10	8	5
9	timed	119:124	VBD	O	time	advcl	3	-1	-1
10	her	125:128	PRP	O	she	dobj	10	9	6
11	in	129:131	IN	O	in	_	0	9	6
12	a	132:133	DT	O	a	det	16	11	9
13	200	134:137	CD	NUMBER	200	num	16	11	9
14	(	138:139	NN	O	(	nn	16	11	9
15	meter	139:144	NN	O	meter	prep_in	11	11	9
16	)	144:145	CD	NUMBER	)	num	18	14	11
17	race	146:150	NN	O	race	tmod	10	14	11
18	in	151:153	IN	O	in	_	0	14	11
19	Guadeloupe	154:164	NNP	LOCATION	Guadeloupe	prep_in	18	14	11
20	&amp;	165:170	CC	O	&amp;	_	0	12	10
21	informed	171:179	VBN	O	inform	conj_&amp;	18	16	12
22	her	180:183	PRP$	O	she	dep	18	12	10
23	she	184:187	PRP	O	she	nsubj	25	9	8
24	'd	187:189	MD	O	would	_	0	-1	-1
25	"	190:191	``	O	"	punct	27	-1	-1
26	&gt;	191:195	JJR	O	&gt;	dep	25	19	13
27	qualified	195:204	VBN	O	qualify	partmod	27	19	13
28	&lt;	204:208	JJR	O	&lt;	dobj	28	21	14
29	"	208:209	``	O	"	punct	29	21	14
30	for	210:213	IN	O	for	_	0	21	14
31	the	214:217	DT	O	the	det	34	23	15
32	French	218:224	JJ	MISC	french	amod	34	23	15
33	nationalchampionships	225:246	NNS	O	nationalchampionship	prep_for	29	23	15
34	.	246:247	.	O	.	_	0	-1	-1
</SENT>
</FILENAME>
</root>